<?xml version="1.0" encoding="UTF-8"?>
<!-- Generated by org.testng.reporters.JUnitXMLReporter -->
<testsuite ignored="0" hostname="192-168-1-156.tpgi.com.au" failures="0" tests="10" name="Test" time="17.443" errors="0" timestamp="2024-02-05T20:41:04 AEDT">
  <testcase classname="petstoreAPI.api.test.APItests" name="testPostuser" time="2.219"/>
  <testcase classname="petstoreAPI.api.test.APItests" name="testPostuser" time="1.504"/>
  <testcase classname="petstoreAPI.api.test.APItests" name="testPostuser" time="1.527"/>
  <testcase classname="petstoreAPI.api.test.APItests" name="testDeleteUserByName" time="1.497"/>
  <testcase classname="petstoreAPI.api.test.APItests" name="testDeleteUserByName" time="1.36"/>
  <testcase classname="petstoreAPI.api.test.APItests" name="testDeleteUserByName" time="1.501"/>
  <testcase classname="petstoreAPI.api.test.UserTestWithSingleData" name="testPostUser" time="1.397"/>
  <testcase classname="petstoreAPI.api.test.UserTestWithSingleData" name="testGetUserByName" time="1.566"/>
  <testcase classname="petstoreAPI.api.test.UserTestWithSingleData" name="testUpdateUserByName" time="2.759"/>
  <testcase classname="petstoreAPI.api.test.UserTestWithSingleData" name="testDeleteUserByName" time="1.211"/>
</testsuite> <!-- Test -->
