<?xml version="1.0" encoding="UTF-8"?>
<!-- Generated by org.testng.reporters.JUnitXMLReporter -->
<testsuite ignored="0" hostname="192-168-1-156.tpgi.com.au" failures="0" tests="10" name="Test" time="18.366" errors="0" timestamp="2024-02-05T21:08:27 AEDT">
  <testcase classname="petstoreAPI.api.test.APItests" name="testPostuserWithDataProvider" time="2.28"/>
  <testcase classname="petstoreAPI.api.test.APItests" name="testPostuserWithDataProvider" time="1.506"/>
  <testcase classname="petstoreAPI.api.test.APItests" name="testPostuserWithDataProvider" time="1.532"/>
  <testcase classname="petstoreAPI.api.test.APItests" name="testDeleteUserByNameWithDataProvider" time="1.588"/>
  <testcase classname="petstoreAPI.api.test.APItests" name="testDeleteUserByNameWithDataProvider" time="1.636"/>
  <testcase classname="petstoreAPI.api.test.APItests" name="testDeleteUserByNameWithDataProvider" time="1.477"/>
  <testcase classname="petstoreAPI.api.test.UserTestWithSingleData" name="testPostUser" time="1.631"/>
  <testcase classname="petstoreAPI.api.test.UserTestWithSingleData" name="testGetUserByName" time="1.399"/>
  <testcase classname="petstoreAPI.api.test.UserTestWithSingleData" name="testUpdateUserByName" time="3.169"/>
  <testcase classname="petstoreAPI.api.test.UserTestWithSingleData" name="testDeleteUserByName" time="1.431"/>
</testsuite> <!-- Test -->
