<?xml version="1.0" encoding="UTF-8"?>
<testng-results ignored="0" total="10" passed="10" failed="0" skipped="0">
  <reporter-output>
  </reporter-output>
  <suite started-at="2024-02-05T21:08:08 AEDT" name="Suite" finished-at="2024-02-05T21:08:27 AEDT" duration-ms="18366">
    <groups>
    </groups>
    <test started-at="2024-02-05T21:08:08 AEDT" name="Test" finished-at="2024-02-05T21:08:27 AEDT" duration-ms="18366">
      <class name="petstoreAPI.api.test.UserTestWithSingleData">
        <test-method is-config="true" signature="setup()[pri:0, instance:petstoreAPI.api.test.UserTestWithSingleData@29176cc1]" started-at="2024-02-05T21:08:19 AEDT" name="setup" finished-at="2024-02-05T21:08:19 AEDT" duration-ms="98" status="PASS">
          <reporter-output>
          </reporter-output>
        </test-method> <!-- setup -->
        <test-method signature="testPostUser()[pri:1, instance:petstoreAPI.api.test.UserTestWithSingleData@29176cc1]" started-at="2024-02-05T21:08:19 AEDT" name="testPostUser" finished-at="2024-02-05T21:08:21 AEDT" duration-ms="1631" status="PASS">
          <reporter-output>
          </reporter-output>
        </test-method> <!-- testPostUser -->
        <test-method signature="testGetUserByName()[pri:2, instance:petstoreAPI.api.test.UserTestWithSingleData@29176cc1]" started-at="2024-02-05T21:08:21 AEDT" name="testGetUserByName" finished-at="2024-02-05T21:08:22 AEDT" duration-ms="1399" status="PASS">
          <reporter-output>
          </reporter-output>
        </test-method> <!-- testGetUserByName -->
        <test-method signature="testUpdateUserByName()[pri:3, instance:petstoreAPI.api.test.UserTestWithSingleData@29176cc1]" started-at="2024-02-05T21:08:22 AEDT" name="testUpdateUserByName" finished-at="2024-02-05T21:08:25 AEDT" duration-ms="3169" status="PASS">
          <reporter-output>
          </reporter-output>
        </test-method> <!-- testUpdateUserByName -->
        <test-method signature="testDeleteUserByName()[pri:4, instance:petstoreAPI.api.test.UserTestWithSingleData@29176cc1]" started-at="2024-02-05T21:08:25 AEDT" name="testDeleteUserByName" finished-at="2024-02-05T21:08:27 AEDT" duration-ms="1431" status="PASS">
          <reporter-output>
          </reporter-output>
        </test-method> <!-- testDeleteUserByName -->
      </class> <!-- petstoreAPI.api.test.UserTestWithSingleData -->
      <class name="petstoreAPI.api.test.APItests">
        <test-method signature="testPostuserWithDataProvider(java.lang.String,java.lang.String,java.lang.String,java.lang.String,java.lang.String,java.lang.String,java.lang.String)[pri:1, instance:petstoreAPI.api.test.APItests@78dd667e]" started-at="2024-02-05T21:08:09 AEDT" name="testPostuserWithDataProvider" data-provider="Data" finished-at="2024-02-05T21:08:11 AEDT" duration-ms="2280" status="PASS">
          <params>
            <param index="0">
              <value>
                <![CDATA[1010]]>
              </value>
            </param>
            <param index="1">
              <value>
                <![CDATA[testuser1]]>
              </value>
            </param>
            <param index="2">
              <value>
                <![CDATA[John]]>
              </value>
            </param>
            <param index="3">
              <value>
                <![CDATA[Canedy]]>
              </value>
            </param>
            <param index="4">
              <value>
                <![CDATA[a@gmail.com]]>
              </value>
            </param>
            <param index="5">
              <value>
                <![CDATA[test@1]]>
              </value>
            </param>
            <param index="6">
              <value>
                <![CDATA[1234567897]]>
              </value>
            </param>
          </params>
          <reporter-output>
          </reporter-output>
        </test-method> <!-- testPostuserWithDataProvider -->
        <test-method signature="testPostuserWithDataProvider(java.lang.String,java.lang.String,java.lang.String,java.lang.String,java.lang.String,java.lang.String,java.lang.String)[pri:1, instance:petstoreAPI.api.test.APItests@78dd667e]" started-at="2024-02-05T21:08:11 AEDT" name="testPostuserWithDataProvider" data-provider="Data" finished-at="2024-02-05T21:08:13 AEDT" duration-ms="1506" status="PASS">
          <params>
            <param index="0">
              <value>
                <![CDATA[1020]]>
              </value>
            </param>
            <param index="1">
              <value>
                <![CDATA[testuser2]]>
              </value>
            </param>
            <param index="2">
              <value>
                <![CDATA[Kim]]>
              </value>
            </param>
            <param index="3">
              <value>
                <![CDATA[Kom]]>
              </value>
            </param>
            <param index="4">
              <value>
                <![CDATA[b@gmail.com]]>
              </value>
            </param>
            <param index="5">
              <value>
                <![CDATA[test@2]]>
              </value>
            </param>
            <param index="6">
              <value>
                <![CDATA[1234567897]]>
              </value>
            </param>
          </params>
          <reporter-output>
          </reporter-output>
        </test-method> <!-- testPostuserWithDataProvider -->
        <test-method signature="testPostuserWithDataProvider(java.lang.String,java.lang.String,java.lang.String,java.lang.String,java.lang.String,java.lang.String,java.lang.String)[pri:1, instance:petstoreAPI.api.test.APItests@78dd667e]" started-at="2024-02-05T21:08:13 AEDT" name="testPostuserWithDataProvider" data-provider="Data" finished-at="2024-02-05T21:08:14 AEDT" duration-ms="1532" status="PASS">
          <params>
            <param index="0">
              <value>
                <![CDATA[1030]]>
              </value>
            </param>
            <param index="1">
              <value>
                <![CDATA[testuser3]]>
              </value>
            </param>
            <param index="2">
              <value>
                <![CDATA[Smith]]>
              </value>
            </param>
            <param index="3">
              <value>
                <![CDATA[Steve]]>
              </value>
            </param>
            <param index="4">
              <value>
                <![CDATA[c@gmail.com]]>
              </value>
            </param>
            <param index="5">
              <value>
                <![CDATA[test@3]]>
              </value>
            </param>
            <param index="6">
              <value>
                <![CDATA[1234567897]]>
              </value>
            </param>
          </params>
          <reporter-output>
          </reporter-output>
        </test-method> <!-- testPostuserWithDataProvider -->
        <test-method signature="testDeleteUserByNameWithDataProvider(java.lang.String)[pri:2, instance:petstoreAPI.api.test.APItests@78dd667e]" started-at="2024-02-05T21:08:14 AEDT" name="testDeleteUserByNameWithDataProvider" data-provider="UserNames" finished-at="2024-02-05T21:08:16 AEDT" duration-ms="1588" status="PASS">
          <params>
            <param index="0">
              <value>
                <![CDATA[testuser1]]>
              </value>
            </param>
          </params>
          <reporter-output>
          </reporter-output>
        </test-method> <!-- testDeleteUserByNameWithDataProvider -->
        <test-method signature="testDeleteUserByNameWithDataProvider(java.lang.String)[pri:2, instance:petstoreAPI.api.test.APItests@78dd667e]" started-at="2024-02-05T21:08:16 AEDT" name="testDeleteUserByNameWithDataProvider" data-provider="UserNames" finished-at="2024-02-05T21:08:17 AEDT" duration-ms="1636" status="PASS">
          <params>
            <param index="0">
              <value>
                <![CDATA[testuser2]]>
              </value>
            </param>
          </params>
          <reporter-output>
          </reporter-output>
        </test-method> <!-- testDeleteUserByNameWithDataProvider -->
        <test-method signature="testDeleteUserByNameWithDataProvider(java.lang.String)[pri:2, instance:petstoreAPI.api.test.APItests@78dd667e]" started-at="2024-02-05T21:08:17 AEDT" name="testDeleteUserByNameWithDataProvider" data-provider="UserNames" finished-at="2024-02-05T21:08:19 AEDT" duration-ms="1477" status="PASS">
          <params>
            <param index="0">
              <value>
                <![CDATA[testuser3]]>
              </value>
            </param>
          </params>
          <reporter-output>
          </reporter-output>
        </test-method> <!-- testDeleteUserByNameWithDataProvider -->
      </class> <!-- petstoreAPI.api.test.APItests -->
    </test> <!-- Test -->
  </suite> <!-- Suite -->
</testng-results>
