<?xml version="1.0" encoding="UTF-8"?>
<testsuite xmlns:xsi="http://www.w3.org/2001/XMLSchema-instance" xsi:noNamespaceSchemaLocation="https://maven.apache.org/surefire/maven-surefire-plugin/xsd/surefire-test-report-3.0.xsd" version="3.0" name="TestSuite" time="18.724" tests="10" errors="0" skipped="0" failures="0">
  <properties>
[...]
</properties>
  <testcase name="testPostuserWithDataProvider[1010, testuser1, John, Canedy, a@gmail.com, test@1, 1234567897](1)" classname="petstoreAPI.api.test.APItests" time="2.286">
    <system-err><![CDATA[SLF4J: Failed to load class "org.slf4j.impl.StaticLoggerBinder".
SLF4J: Defaulting to no-operation (NOP) logger implementation
SLF4J: See http://www.slf4j.org/codes.html#StaticLoggerBinder for further details.
ERROR StatusLogger Log4j2 could not find a logging implementation. Please add log4j-core to the classpath. Using SimpleLogger to log to the console...
]]></system-err>
  </testcase>
  <testcase name="testPostuserWithDataProvider[1020, testuser2, Kim, Kom, b@gmail.com, test@2, 1234567897](2)" classname="petstoreAPI.api.test.APItests" time="1.508"/>
  <testcase name="testPostuserWithDataProvider[1030, testuser3, Smith, Steve, c@gmail.com, test@3, 1234567897](3)" classname="petstoreAPI.api.test.APItests" time="1.533"/>
  <testcase name="testDeleteUserByNameWithDataProvider[testuser1](1)" classname="petstoreAPI.api.test.APItests" time="1.59"/>
  <testcase name="testDeleteUserByNameWithDataProvider[testuser2](2)" classname="petstoreAPI.api.test.APItests" time="1.637"/>
  <testcase name="testDeleteUserByNameWithDataProvider[testuser3](3)" classname="petstoreAPI.api.test.APItests" time="1.48"/>
  <testcase name="testPostUser" classname="petstoreAPI.api.test.UserTestWithSingleData" time="1.632">
    <system-out><![CDATA[HTTP/1.1 200 OK
Date: Mon, 05 Feb 2024 10:08:20 GMT
Content-Type: application/json
Transfer-Encoding: chunked
Connection: keep-alive
Access-Control-Allow-Origin: *
Access-Control-Allow-Methods: GET, POST, DELETE, PUT
Access-Control-Allow-Headers: Content-Type, api_key, Authorization
Server: Jetty(9.2.9.v20150224)

{
    "code": 200,
    "type": "unknown",
    "message": "1192787792"
}
]]></system-out>
  </testcase>
  <testcase name="testGetUserByName" classname="petstoreAPI.api.test.UserTestWithSingleData" time="1.401">
    <system-out><![CDATA[HTTP/1.1 200 OK
Date: Mon, 05 Feb 2024 10:08:22 GMT
Content-Type: application/json
Transfer-Encoding: chunked
Connection: keep-alive
Access-Control-Allow-Origin: *
Access-Control-Allow-Methods: GET, POST, DELETE, PUT
Access-Control-Allow-Headers: Content-Type, api_key, Authorization
Server: Jetty(9.2.9.v20150224)

{
    "id": 1192787792,
    "username": "taylor.cormier",
    "firstName": "June",
    "lastName": "Fahey",
    "email": "carla.collier@example.com",
    "password": "795du2jk",
    "phone": "(189) 111-2499",
    "userStatus": 0
}
]]></system-out>
  </testcase>
  <testcase name="testUpdateUserByName" classname="petstoreAPI.api.test.UserTestWithSingleData" time="3.171">
    <system-out><![CDATA[{
    "code": 200,
    "type": "unknown",
    "message": "1192787792"
}
]]></system-out>
  </testcase>
  <testcase name="testDeleteUserByName" classname="petstoreAPI.api.test.UserTestWithSingleData" time="1.432"/>
</testsuite>